Running php-build composer
WARNING! Your password will be stored unencrypted in /home/runner/.docker/config.json.
Configure a credential helper to remove this warning. See
https://docs.docker.com/engine/reference/commandline/login/#credentials-store

Login Succeeded
Pulling docker.pkg.github.com/dirkarnez/evercoolhk-api/php-actions_composer_evercoolhk-api:php-8.4-bcmath-build2.1.0
php-8.4-bcmath-build2.1.0: Pulling from dirkarnez/evercoolhk-api/php-actions_composer_evercoolhk-api
f18232174bc9: Pulling fs layer
e2042ef04ad5: Pulling fs layer
85d7cd47c118: Pulling fs layer
2e9c25e1ad37: Pulling fs layer
87b517bf08d7: Pulling fs layer
9d84bce3fd32: Pulling fs layer
6d87dc865831: Pulling fs layer
db547d87d893: Pulling fs layer
13dead29bff0: Pulling fs layer
f5d2b016efea: Pulling fs layer
565071d2d463: Pulling fs layer
31b0c8ff33e6: Pulling fs layer
2e9c25e1ad37: Waiting
87b517bf08d7: Waiting
9d84bce3fd32: Waiting
6d87dc865831: Waiting
db547d87d893: Waiting
13dead29bff0: Waiting
f5d2b016efea: Waiting
565071d2d463: Waiting
31b0c8ff33e6: Waiting
f18232174bc9: Verifying Checksum
f18232174bc9: Download complete
85d7cd47c118: Verifying Checksum
85d7cd47c118: Download complete
e2042ef04ad5: Verifying Checksum
e2042ef04ad5: Download complete
f18232174bc9: Pull complete
2e9c25e1ad37: Download complete
9d84bce3fd32: Verifying Checksum
9d84bce3fd32: Download complete
87b517bf08d7: Verifying Checksum
87b517bf08d7: Download complete
db547d87d893: Verifying Checksum
db547d87d893: Download complete
13dead29bff0: Verifying Checksum
13dead29bff0: Download complete
6d87dc865831: Verifying Checksum
6d87dc865831: Download complete
31b0c8ff33e6: Verifying Checksum
31b0c8ff33e6: Download complete
565071d2d463: Verifying Checksum
565071d2d463: Download complete
f5d2b016efea: Verifying Checksum
f5d2b016efea: Download complete
e2042ef04ad5: Pull complete
85d7cd47c118: Pull complete
2e9c25e1ad37: Pull complete
87b517bf08d7: Pull complete
9d84bce3fd32: Pull complete
6d87dc865831: Pull complete
db547d87d893: Pull complete
13dead29bff0: Pull complete
f5d2b016efea: Pull complete
565071d2d463: Pull complete
31b0c8ff33e6: Pull complete
Digest: sha256:1a0354adf606c26fc2a3e5f23341e93f6960ef7c51a53f0be6555277a7dd3b3b
Status: Downloaded newer image for docker.pkg.github.com/dirkarnez/evercoolhk-api/php-actions_composer_evercoolhk-api:php-8.4-bcmath-build2.1.0
docker.pkg.github.com/dirkarnez/evercoolhk-api/php-actions_composer_evercoolhk-api:php-8.4-bcmath-build2.1.0
Docker tag: docker.pkg.github.com/dirkarnez/evercoolhk-api/php-actions_composer_evercoolhk-api:php-8.4-bcmath-build2.1.0
No private keys supplied
Command: composer install --working-dir=./app --no-progress --no-interaction
Skipping env variable PWD
Skipping env variable HOME
Skipping env variable SHLVL
Skipping env variable PATH
Running php-build composer
WARNING! Your password will be stored unencrypted in /home/runner/.docker/config.json.
Configure a credential helper to remove this warning. See
https://docs.docker.com/engine/reference/commandline/login/#credentials-store

Login Succeeded
Pulling docker.pkg.github.com/dirkarnez/evercoolhk-api/php-actions_composer_evercoolhk-api:php-8.4-bcmath-build2.1.0
php-8.4-bcmath-build2.1.0: Pulling from dirkarnez/evercoolhk-api/php-actions_composer_evercoolhk-api
f18232174bc9: Pulling fs layer
e2042ef04ad5: Pulling fs layer
85d7cd47c118: Pulling fs layer
2e9c25e1ad37: Pulling fs layer
87b517bf08d7: Pulling fs layer
9d84bce3fd32: Pulling fs layer
6d87dc865831: Pulling fs layer
db547d87d893: Pulling fs layer
13dead29bff0: Pulling fs layer
f5d2b016efea: Pulling fs layer
565071d2d463: Pulling fs layer
31b0c8ff33e6: Pulling fs layer
9d84bce3fd32: Waiting
2e9c25e1ad37: Waiting
87b517bf08d7: Waiting
6d87dc865831: Waiting
13dead29bff0: Waiting
db547d87d893: Waiting
f5d2b016efea: Waiting
31b0c8ff33e6: Waiting
565071d2d463: Waiting
e2042ef04ad5: Verifying Checksum
e2042ef04ad5: Download complete
f18232174bc9: Download complete
2e9c25e1ad37: Verifying Checksum
2e9c25e1ad37: Download complete
85d7cd47c118: Verifying Checksum
85d7cd47c118: Download complete
f18232174bc9: Pull complete
9d84bce3fd32: Verifying Checksum
9d84bce3fd32: Download complete
db547d87d893: Verifying Checksum
db547d87d893: Download complete
6d87dc865831: Verifying Checksum
6d87dc865831: Download complete
87b517bf08d7: Verifying Checksum
87b517bf08d7: Download complete
565071d2d463: Verifying Checksum
565071d2d463: Download complete
f5d2b016efea: Verifying Checksum
f5d2b016efea: Download complete
13dead29bff0: Verifying Checksum
13dead29bff0: Download complete
31b0c8ff33e6: Verifying Checksum
31b0c8ff33e6: Download complete
e2042ef04ad5: Pull complete
85d7cd47c118: Pull complete
2e9c25e1ad37: Pull complete
87b517bf08d7: Pull complete
9d84bce3fd32: Pull complete
6d87dc865831: Pull complete
db547d87d893: Pull complete
13dead29bff0: Pull complete
f5d2b016efea: Pull complete
565071d2d463: Pull complete
31b0c8ff33e6: Pull complete
Digest: sha256:1a0354adf606c26fc2a3e5f23341e93f6960ef7c51a53f0be6555277a7dd3b3b
Status: Downloaded newer image for docker.pkg.github.com/dirkarnez/evercoolhk-api/php-actions_composer_evercoolhk-api:php-8.4-bcmath-build2.1.0
docker.pkg.github.com/dirkarnez/evercoolhk-api/php-actions_composer_evercoolhk-api:php-8.4-bcmath-build2.1.0
Docker tag: docker.pkg.github.com/dirkarnez/evercoolhk-api/php-actions_composer_evercoolhk-api:php-8.4-bcmath-build2.1.0
No private keys supplied
Command: composer install --working-dir=./app --no-progress --no-interaction
Skipping env variable PWD
Skipping env variable HOME
Skipping env variable SHLVL
Skipping env variable PATH
